#
# A fatal error has been detected by the Java Runtime Environment:
#
#  SIGSEGV (0xb) at pc=0x00007fea8bf2c4bc, pid=188563, tid=188563
#
# JRE version: OpenJDK Runtime Environment (Red_Hat-17.0.7.0.7-1.fc36) (17.0.7+7) (build 17.0.7+7)
# Java VM: OpenJDK 64-Bit Server VM (Red_Hat-17.0.7.0.7-1.fc36) (17.0.7+7, mixed mode, sharing, tiered, compressed oops, compressed class ptrs, g1 gc, linux-amd64)
# Problematic frame:
# C  [libQt5Gui.so.5+0x12c4bc]
#
# Core dump will be written. Default location: Core dumps may be processed with "/usr/lib/systemd/systemd-coredump %P %u %g %s %t %c %h" (or dumping to /home/Petrign/Проги/ProgLab8/outputs/core.188563)
#
# If you would like to submit a bug report, please visit:
#   https://bugzilla.redhat.com/enter_bug.cgi?product=Fedora&component=java-17-openjdk-portable&version=36
# The crash happened outside the Java Virtual Machine in native code.
# See problematic frame for where to report the bug.
#

---------------  S U M M A R Y ------------

Command Line: 

Host: Intel(R) Core(TM) i5-6440HQ CPU @ 2.60GHz, 4 cores, 15G, Fedora release 36 (Thirty Six)
Time: Thu May  2 16:14:26 2024 MSK elapsed time: 0.409309 seconds (0d 0h 0m 0s)

---------------  T H R E A D  ---------------

Current thread (0x000000000091fc80):  JavaThread "main" [_thread_in_native, id=188563, stack(0x00007ffd1ae5c000,0x00007ffd1af5c000)]

Stack: [0x00007ffd1ae5c000,0x00007ffd1af5c000],  sp=0x00007ffd1af586e0,  free space=1009k
Native frames: (J=compiled Java code, j=interpreted, Vv=VM code, C=native code)
C  [libQt5Gui.so.5+0x12c4bc]


siginfo: si_signo: 11 (SIGSEGV), si_code: 1 (SEGV_MAPERR), si_addr: 0x0000000000000000

Register to memory mapping:

RAX=0x00000000fffffffe is an unknown value
RBX=0x0000000000ef7a80 points into unknown readable memory: 0x00007fea8c41ddc0 | c0 dd 41 8c ea 7f 00 00
RCX=0x00007fea89df8c80: <offset 0x00000000001f8c80> in /lib64/libc.so.6 at 0x00007fea89c00000
RDX=0x0 is NULL
RSP=0x00007ffd1af586e0 is pointing into the stack for thread: 0x000000000091fc80
RBP=0x0000000000eb4e60 points into unknown readable memory: 0x00007fea8c41b248 | 48 b2 41 8c ea 7f 00 00
RSI=0x0000000000bb7730 points into unknown readable memory: 0x0000000000c3f990 | 90 f9 c3 00 00 00 00 00
RDI=0x0000000000ef7ac0 points into unknown readable memory: 0x00007fe9f000f4d0 | d0 f4 00 f0 e9 7f 00 00
R8 =0x0000000000020000 is an unknown value
R9 =0x0 is NULL
R10=0x0 is NULL
R11=0x0000000000000040 is an unknown value
R12=0x0000000000c1fa30 points into unknown readable memory: 0x00007fea8ccdffe8 | e8 ff cd 8c ea 7f 00 00
R13=0x00007ffd1af58828 is pointing into the stack for thread: 0x000000000091fc80
R14=0x00007ffd1af58830 is pointing into the stack for thread: 0x000000000091fc80
R15=0x00007ffd1af58b58 is pointing into the stack for thread: 0x000000000091fc80


Registers:
RAX=0x00000000fffffffe, RBX=0x0000000000ef7a80, RCX=0x00007fea89df8c80, RDX=0x0000000000000000
RSP=0x00007ffd1af586e0, RBP=0x0000000000eb4e60, RSI=0x0000000000bb7730, RDI=0x0000000000ef7ac0
R8 =0x0000000000020000, R9 =0x0000000000000000, R10=0x0000000000000000, R11=0x0000000000000040
R12=0x0000000000c1fa30, R13=0x00007ffd1af58828, R14=0x00007ffd1af58830, R15=0x00007ffd1af58b58
RIP=0x00007fea8bf2c4bc, EFLAGS=0x0000000000010297, CSGSFS=0x002b000000000033, ERR=0x0000000000000004
  TRAPNO=0x000000000000000e

Top of Stack: (sp=0x00007ffd1af586e0)
0x00007ffd1af586e0:   0000000000c3f990 27914c074a9e1b00
0x00007ffd1af586f0:   0000000000ef7a80 0000000000eb4e60
0x00007ffd1af58700:   0000000000c1fa30 00007ffd1af58828
0x00007ffd1af58710:   00007ffd1af58830 00007fea8c19da31 

Instructions: (pc=0x00007fea8bf2c4bc)
0x00007fea8bf2c3bc:   60 6f ff ff e9 33 a2 29 00 48 8b 05 24 8c 3e 00
0x00007fea8bf2c3cc:   66 0f ef c0 48 8d 7c 24 20 48 8d 35 fc 09 41 00
0x00007fea8bf2c3dc:   0f 11 44 24 28 48 89 44 24 20 48 8d 05 7e 8d 3e
0x00007fea8bf2c3ec:   00 48 89 44 24 38 31 c0 e8 77 36 ff ff 4c 89 ef
0x00007fea8bf2c3fc:   e8 1f 6f ff ff e9 f2 a1 29 00 48 8b 05 e3 8b 3e
0x00007fea8bf2c40c:   00 66 0f ef c0 48 8d 7c 24 10 48 8d 35 eb 09 41
0x00007fea8bf2c41c:   00 0f 11 44 24 18 48 89 44 24 10 48 8d 05 3d 8d
0x00007fea8bf2c42c:   3e 00 48 89 44 24 28 31 c0 e8 36 36 ff ff 31 c0
0x00007fea8bf2c43c:   48 89 44 24 08 e9 c5 a2 29 00 48 8b 05 a3 8b 3e
0x00007fea8bf2c44c:   00 66 0f ef c0 48 8d bc 24 10 01 00 00 48 8d 35
0x00007fea8bf2c45c:   88 0c 41 00 0f 11 84 24 18 01 00 00 48 89 84 24
0x00007fea8bf2c46c:   10 01 00 00 48 8d 05 f4 8c 3e 00 48 89 84 24 28
0x00007fea8bf2c47c:   01 00 00 31 c0 e8 ba fc fe ff 48 8b 05 63 8b 3e
0x00007fea8bf2c48c:   00 66 0f ef c0 48 89 e7 48 8d 35 fd 4a 3f 00 0f
0x00007fea8bf2c49c:   11 44 24 08 48 89 04 24 48 8d 05 c0 8c 3e 00 48
0x00007fea8bf2c4ac:   89 44 24 18 31 c0 e8 b9 35 ff ff e9 04 58 2a 00
0x00007fea8bf2c4bc:   48 8b 04 25 00 00 00 00 0f 0b 48 8b 04 25 00 00
0x00007fea8bf2c4cc:   00 00 0f 0b 48 8b 05 19 8b 3e 00 66 0f ef c0 48
0x00007fea8bf2c4dc:   8d 7c 24 10 48 8d 35 b9 14 41 00 0f 11 44 24 18
0x00007fea8bf2c4ec:   48 89 44 24 10 48