#
# A fatal error has been detected by the Java Runtime Environment:
#
#  SIGSEGV (0xb) at pc=0x00007f94cb0ed1df, pid=37075, tid=37075
#
# JRE version: OpenJDK Runtime Environment (Red_Hat-17.0.7.0.7-1.fc36) (17.0.7+7) (build 17.0.7+7)
# Java VM: OpenJDK 64-Bit Server VM (Red_Hat-17.0.7.0.7-1.fc36) (17.0.7+7, mixed mode, sharing, tiered, compressed oops, compressed class ptrs, g1 gc, linux-amd64)
# Problematic frame:
# C  [libQt5Core.so.5+0xed1df]  QThreadStorageData::get() const+0x3f
#
# Core dump will be written. Default location: Core dumps may be processed with "/usr/lib/systemd/systemd-coredump %P %u %g %s %t %c %h" (or dumping to /home/Petrign/Проги/ProgLab8/outputs/core.37075)
#
# If you would like to submit a bug report, please visit:
#   https://bugzilla.redhat.com/enter_bug.cgi?product=Fedora&component=java-17-openjdk-portable&version=36
# The crash happened outside the Java Virtual Machine in native code.
# See problematic frame for where to report the bug.
#

---------------  S U M M A R Y ------------

Command Line: 

Host: Intel(R) Core(TM) i5-6440HQ CPU @ 2.60GHz, 4 cores, 15G, Fedora release 36 (Thirty Six)
Time: Sat May  4 11:58:20 2024 MSK elapsed time: 0.516923 seconds (0d 0h 0m 0s)

---------------  T H R E A D  ---------------

Current thread (0x0000000001c79c80):  